{"D:\\7-Projetos\\Teste - Venture Miner\\vue-examples\\src\\views\\CircleDrawer.vue": {"path":"D:\\7-Projetos\\Teste - Venture Miner\\vue-examples\\src\\views\\CircleDrawer.vue","all":false,"statementMap":{"0":{"start":{"line":1,"column":0},"end":{"line":1,"column":10}},"1":{"start":{"line":2,"column":0},"end":{"line":2,"column":9}},"2":{"start":{"line":3,"column":0},"end":{"line":3,"column":57}},"3":{"start":{"line":4,"column":0},"end":{"line":4,"column":180}},"4":{"start":{"line":5,"column":0},"end":{"line":5,"column":82}},"5":{"start":{"line":6,"column":0},"end":{"line":6,"column":96}},"6":{"start":{"line":7,"column":0},"end":{"line":7,"column":107}},"7":{"start":{"line":8,"column":0},"end":{"line":8,"column":81}},"8":{"start":{"line":9,"column":0},"end":{"line":9,"column":21}},"9":{"start":{"line":10,"column":0},"end":{"line":10,"column":14}},"10":{"start":{"line":11,"column":0},"end":{"line":11,"column":0}},"11":{"start":{"line":12,"column":0},"end":{"line":12,"column":72}},"12":{"start":{"line":13,"column":0},"end":{"line":13,"column":183}},"13":{"start":{"line":14,"column":0},"end":{"line":14,"column":200}},"14":{"start":{"line":15,"column":0},"end":{"line":15,"column":14}},"15":{"start":{"line":16,"column":0},"end":{"line":16,"column":0}},"16":{"start":{"line":17,"column":0},"end":{"line":17,"column":41}},"17":{"start":{"line":18,"column":0},"end":{"line":18,"column":173}},"18":{"start":{"line":19,"column":0},"end":{"line":19,"column":113}},"19":{"start":{"line":20,"column":0},"end":{"line":20,"column":112}},"20":{"start":{"line":21,"column":0},"end":{"line":21,"column":14}},"21":{"start":{"line":22,"column":0},"end":{"line":22,"column":10}},"22":{"start":{"line":23,"column":0},"end":{"line":23,"column":11}},"23":{"start":{"line":24,"column":0},"end":{"line":24,"column":2}},"24":{"start":{"line":25,"column":0},"end":{"line":25,"column":14}},"25":{"start":{"line":26,"column":0},"end":{"line":26,"column":53}},"26":{"start":{"line":27,"column":0},"end":{"line":27,"column":0}},"27":{"start":{"line":28,"column":0},"end":{"line":28,"column":31}},"28":{"start":{"line":29,"column":0},"end":{"line":29,"column":39}},"29":{"start":{"line":30,"column":0},"end":{"line":30,"column":21}},"30":{"start":{"line":31,"column":0},"end":{"line":31,"column":24}},"31":{"start":{"line":32,"column":0},"end":{"line":32,"column":32}},"32":{"start":{"line":33,"column":0},"end":{"line":33,"column":28}},"33":{"start":{"line":34,"column":0},"end":{"line":34,"column":0}},"34":{"start":{"line":35,"column":0},"end":{"line":35,"column":34}},"35":{"start":{"line":36,"column":0},"end":{"line":36,"column":26}},"36":{"start":{"line":37,"column":0},"end":{"line":37,"column":32}},"37":{"start":{"line":38,"column":0},"end":{"line":38,"column":40}},"38":{"start":{"line":39,"column":0},"end":{"line":39,"column":31}},"39":{"start":{"line":40,"column":0},"end":{"line":40,"column":15}},"40":{"start":{"line":41,"column":0},"end":{"line":41,"column":5}},"41":{"start":{"line":42,"column":0},"end":{"line":42,"column":0}},"42":{"start":{"line":43,"column":0},"end":{"line":43,"column":29}},"43":{"start":{"line":44,"column":0},"end":{"line":44,"column":67}},"44":{"start":{"line":45,"column":0},"end":{"line":45,"column":47}},"45":{"start":{"line":46,"column":0},"end":{"line":46,"column":46}},"46":{"start":{"line":47,"column":0},"end":{"line":47,"column":0}},"47":{"start":{"line":48,"column":0},"end":{"line":48,"column":37}},"48":{"start":{"line":49,"column":0},"end":{"line":49,"column":94}},"49":{"start":{"line":50,"column":0},"end":{"line":50,"column":34}},"50":{"start":{"line":51,"column":0},"end":{"line":51,"column":34}},"51":{"start":{"line":52,"column":0},"end":{"line":52,"column":57}},"52":{"start":{"line":53,"column":0},"end":{"line":53,"column":15}},"53":{"start":{"line":54,"column":0},"end":{"line":54,"column":0}},"54":{"start":{"line":55,"column":0},"end":{"line":55,"column":44}},"55":{"start":{"line":56,"column":0},"end":{"line":56,"column":61}},"56":{"start":{"line":57,"column":0},"end":{"line":57,"column":39}},"57":{"start":{"line":58,"column":0},"end":{"line":58,"column":13}},"58":{"start":{"line":59,"column":0},"end":{"line":59,"column":9}},"59":{"start":{"line":60,"column":0},"end":{"line":60,"column":5}},"60":{"start":{"line":61,"column":0},"end":{"line":61,"column":1}},"61":{"start":{"line":62,"column":0},"end":{"line":62,"column":0}},"62":{"start":{"line":63,"column":0},"end":{"line":63,"column":0}},"63":{"start":{"line":64,"column":0},"end":{"line":64,"column":31}},"64":{"start":{"line":65,"column":0},"end":{"line":65,"column":38}},"65":{"start":{"line":66,"column":0},"end":{"line":66,"column":26}},"66":{"start":{"line":67,"column":0},"end":{"line":67,"column":1}},"67":{"start":{"line":68,"column":0},"end":{"line":68,"column":0}},"68":{"start":{"line":69,"column":0},"end":{"line":69,"column":33}},"69":{"start":{"line":70,"column":0},"end":{"line":70,"column":37}},"70":{"start":{"line":71,"column":0},"end":{"line":71,"column":50}},"71":{"start":{"line":72,"column":0},"end":{"line":72,"column":42}},"72":{"start":{"line":73,"column":0},"end":{"line":73,"column":1}},"73":{"start":{"line":74,"column":0},"end":{"line":74,"column":0}},"74":{"start":{"line":75,"column":0},"end":{"line":75,"column":21}},"75":{"start":{"line":76,"column":0},"end":{"line":76,"column":62}},"76":{"start":{"line":77,"column":0},"end":{"line":77,"column":1}},"77":{"start":{"line":78,"column":0},"end":{"line":78,"column":0}},"78":{"start":{"line":79,"column":0},"end":{"line":79,"column":20}},"79":{"start":{"line":80,"column":0},"end":{"line":80,"column":62}},"80":{"start":{"line":81,"column":0},"end":{"line":81,"column":1}},"81":{"start":{"line":82,"column":0},"end":{"line":82,"column":0}},"82":{"start":{"line":83,"column":0},"end":{"line":83,"column":35}},"83":{"start":{"line":84,"column":0},"end":{"line":84,"column":33}},"84":{"start":{"line":85,"column":0},"end":{"line":85,"column":12}},"85":{"start":{"line":86,"column":0},"end":{"line":86,"column":7}},"86":{"start":{"line":87,"column":0},"end":{"line":87,"column":1}},"87":{"start":{"line":88,"column":0},"end":{"line":88,"column":0}},"88":{"start":{"line":89,"column":0},"end":{"line":89,"column":17}},"89":{"start":{"line":90,"column":0},"end":{"line":90,"column":35}},"90":{"start":{"line":91,"column":0},"end":{"line":91,"column":52}},"91":{"start":{"line":92,"column":0},"end":{"line":92,"column":31}},"92":{"start":{"line":93,"column":0},"end":{"line":93,"column":7}},"93":{"start":{"line":94,"column":0},"end":{"line":94,"column":3}},"94":{"start":{"line":95,"column":0},"end":{"line":95,"column":9}}},"s":{"0":1,"1":1,"2":1,"3":1,"4":1,"5":1,"6":1,"7":1,"8":1,"9":1,"10":1,"11":1,"12":1,"13":1,"14":1,"15":1,"16":1,"17":1,"18":1,"19":1,"20":1,"21":1,"22":1,"23":1,"24":1,"25":1,"26":1,"27":1,"28":1,"29":1,"30":1,"31":1,"32":1,"33":1,"34":6,"35":6,"36":0,"37":0,"38":0,"39":0,"40":0,"41":6,"42":6,"43":6,"44":6,"45":6,"46":6,"47":6,"48":6,"49":6,"50":6,"51":6,"52":6,"53":6,"54":6,"55":3,"56":3,"57":3,"58":6,"59":6,"60":6,"61":1,"62":1,"63":1,"64":1,"65":1,"66":1,"67":1,"68":3,"69":3,"70":3,"71":3,"72":3,"73":1,"74":2,"75":2,"76":2,"77":1,"78":1,"79":1,"80":1,"81":1,"82":9,"83":9,"84":17,"85":9,"86":9,"87":1,"88":1,"89":1,"90":1,"91":0,"92":1,"93":1,"94":1},"branchMap":{"0":{"type":"branch","line":35,"loc":{"start":{"line":35,"column":0},"end":{"line":61,"column":1}},"locations":[{"start":{"line":35,"column":0},"end":{"line":61,"column":1}}]},"1":{"type":"branch","line":36,"loc":{"start":{"line":36,"column":25},"end":{"line":41,"column":5}},"locations":[{"start":{"line":36,"column":25},"end":{"line":41,"column":5}}]},"2":{"type":"branch","line":55,"loc":{"start":{"line":55,"column":43},"end":{"line":58,"column":13}},"locations":[{"start":{"line":55,"column":43},"end":{"line":58,"column":13}}]},"3":{"type":"branch","line":49,"loc":{"start":{"line":49,"column":74},"end":{"line":53,"column":13}},"locations":[{"start":{"line":49,"column":74},"end":{"line":53,"column":13}}]},"4":{"type":"branch","line":64,"loc":{"start":{"line":64,"column":0},"end":{"line":67,"column":1}},"locations":[{"start":{"line":64,"column":0},"end":{"line":67,"column":1}}]},"5":{"type":"branch","line":69,"loc":{"start":{"line":69,"column":0},"end":{"line":73,"column":1}},"locations":[{"start":{"line":69,"column":0},"end":{"line":73,"column":1}}]},"6":{"type":"branch","line":75,"loc":{"start":{"line":75,"column":0},"end":{"line":77,"column":1}},"locations":[{"start":{"line":75,"column":0},"end":{"line":77,"column":1}}]},"7":{"type":"branch","line":79,"loc":{"start":{"line":79,"column":0},"end":{"line":81,"column":1}},"locations":[{"start":{"line":79,"column":0},"end":{"line":81,"column":1}}]},"8":{"type":"branch","line":83,"loc":{"start":{"line":83,"column":0},"end":{"line":87,"column":1}},"locations":[{"start":{"line":83,"column":0},"end":{"line":87,"column":1}}]},"9":{"type":"branch","line":84,"loc":{"start":{"line":84,"column":24},"end":{"line":86,"column":6}},"locations":[{"start":{"line":84,"column":24},"end":{"line":86,"column":6}}]},"10":{"type":"branch","line":89,"loc":{"start":{"line":89,"column":10},"end":{"line":94,"column":2}},"locations":[{"start":{"line":89,"column":10},"end":{"line":94,"column":2}}]},"11":{"type":"branch","line":7,"loc":{"start":{"line":7,"column":53},"end":{"line":7,"column":74}},"locations":[{"start":{"line":7,"column":53},"end":{"line":7,"column":74}}]},"12":{"type":"branch","line":7,"loc":{"start":{"line":7,"column":53},"end":{"line":7,"column":74}},"locations":[{"start":{"line":7,"column":53},"end":{"line":7,"column":74}}]}},"b":{"0":[6],"1":[0],"2":[3],"3":[6],"4":[1],"5":[3],"6":[2],"7":[1],"8":[9],"9":[17],"10":[1],"11":[3],"12":[12]},"fnMap":{"0":{"name":"adicionarCirculo","decl":{"start":{"line":35,"column":0},"end":{"line":61,"column":1}},"loc":{"start":{"line":35,"column":0},"end":{"line":61,"column":1}},"line":35},"1":{"name":"ajustarRaio","decl":{"start":{"line":64,"column":0},"end":{"line":67,"column":1}},"loc":{"start":{"line":64,"column":0},"end":{"line":67,"column":1}},"line":64},"2":{"name":"adicionarAoHistorico","decl":{"start":{"line":69,"column":0},"end":{"line":73,"column":1}},"loc":{"start":{"line":69,"column":0},"end":{"line":73,"column":1}},"line":69},"3":{"name":"desfazer","decl":{"start":{"line":75,"column":0},"end":{"line":77,"column":1}},"loc":{"start":{"line":75,"column":0},"end":{"line":77,"column":1}},"line":75},"4":{"name":"refazer","decl":{"start":{"line":79,"column":0},"end":{"line":81,"column":1}},"loc":{"start":{"line":79,"column":0},"end":{"line":81,"column":1}},"line":79},"5":{"name":"clonarCirculos","decl":{"start":{"line":83,"column":0},"end":{"line":87,"column":1}},"loc":{"start":{"line":83,"column":0},"end":{"line":87,"column":1}},"line":83},"6":{"name":"onClick","decl":{"start":{"line":7,"column":79},"end":{"line":7,"column":107}},"loc":{"start":{"line":7,"column":79},"end":{"line":7,"column":107}},"line":7},"7":{"name":"__vite_ssr_import_1__.createElementBlock.__vite_ssr_import_1__.createElementBlock.__vite_ssr_import_1__.withDirectives.__vite_ssr_import_1__.createElementVNode.onUpdate:modelValue._cache.<computed>._cache.<computed>","decl":{"start":{"line":20,"column":41},"end":{"line":20,"column":63}},"loc":{"start":{"line":20,"column":41},"end":{"line":20,"column":63}},"line":20}},"f":{"0":6,"1":1,"2":3,"3":2,"4":1,"5":9,"6":0,"7":0}}
}
